<?xml version="1.0" encoding="UTF-8"?>
<!-- Generated by org.testng.reporters.JUnitReportReporter -->
<testsuite hostname="DESKTOP-R41D36J" failures="0" tests="2" name="com.sqa.qa.testcases.AddCustomerTest" time="13.814" errors="0" timestamp="11 Mar 2024 11:49:24 GMT" skipped="0">
  <testcase classname="com.sqa.qa.testcases.AddCustomerTest" name="AddCustomer_NotExist" time="5.969"/>
  <testcase classname="com.sqa.qa.testcases.AddCustomerTest" name="AddCustomer_Exist" time="7.845"/>
</testsuite> <!-- com.sqa.qa.testcases.AddCustomerTest -->
