<?xml version="1.0" encoding="UTF-8"?>
<!-- Generated by org.testng.reporters.JUnitReportReporter -->
<testsuite hostname="DESKTOP-R41D36J" failures="0" tests="5" name="com.sqa.qa.testcases.AccountPageTest" time="70.764" errors="0" timestamp="11 Mar 2024 11:49:24 GMT" skipped="0">
  <testcase classname="com.sqa.qa.testcases.AccountPageTest" name="Verify_Deposit_With_ValideAmmount" time="8.245"/>
  <testcase classname="com.sqa.qa.testcases.AccountPageTest" name="Verify_Deposit_With_InValideAmmount" time="8.206"/>
  <testcase classname="com.sqa.qa.testcases.AccountPageTest" name="Verify_Withdraw_With_ValideAmmount" time="18.677"/>
  <testcase classname="com.sqa.qa.testcases.AccountPageTest" name="Verify_Withdraw_With_InValideAmmount" time="16.682"/>
  <testcase classname="com.sqa.qa.testcases.AccountPageTest" name="Verify_Withdraw_With_InSufficient" time="18.954"/>
</testsuite> <!-- com.sqa.qa.testcases.AccountPageTest -->
