<?xml version="1.0" encoding="UTF-8"?>
<!-- Generated by org.testng.reporters.JUnitReportReporter -->
<testsuite hostname="DESKTOP-R41D36J" failures="0" tests="1" name="com.sqa.qa.testcases.OpenAccountPageTest" time="6.845" errors="0" timestamp="11 Mar 2024 11:49:24 GMT" skipped="0">
  <testcase classname="com.sqa.qa.testcases.OpenAccountPageTest" name="OpenAccount" time="6.845"/>
</testsuite> <!-- com.sqa.qa.testcases.OpenAccountPageTest -->
